<?xml version="1.0" encoding="UTF-8"?>
<testsuite xmlns:xsi="http://www.w3.org/2001/XMLSchema-instance" xsi:noNamespaceSchemaLocation="https://maven.apache.org/surefire/maven-surefire-plugin/xsd/surefire-test-report-3.0.xsd" version="3.0" name="tfgbackend.api.GeneratedFilesControllerTest" time="2.724" tests="5" errors="0" skipped="0" failures="0">
  <properties>
[...]
</properties>
  <testcase name="listFiles_whenServiceFails_returnsInternalServerError" classname="tfgbackend.api.GeneratedFilesControllerTest" time="0.184">
    <system-out><![CDATA[Standard Commons Logging discovery in action with spring-jcl: please remove commons-logging.jar from classpath in order to avoid potential conflicts
17:56:48.452 [main] INFO org.springframework.test.context.support.AnnotationConfigContextLoaderUtils -- Could not detect default configuration classes for test class [tfgbackend.api.GeneratedFilesControllerTest]: GeneratedFilesControllerTest does not declare any static, non-private, non-final, nested classes annotated with @Configuration.
17:56:48.577 [main] INFO org.springframework.boot.test.context.SpringBootTestContextBootstrapper -- Found @SpringBootConfiguration tfgbackend.TfgBackendApplication for test class tfgbackend.api.GeneratedFilesControllerTest

  .   ____          _            __ _ _
 /\\ / ___'_ __ _ _(_)_ __  __ _ \ \ \ \
( ( )\___ | '_ | '_| | '_ \/ _` | \ \ \ \
 \\/  ___)| |_)| | | | | || (_| |  ) ) ) )
  '  |____| .__|_| |_|_| |_\__, | / / / /
 =========|_|==============|___/=/_/_/_/

 :: Spring Boot ::                (v3.3.5)

2026-06-19T17:56:48.907+02:00  WARN 23028 --- [           main] ory$DuplicateJsonObjectContextCustomizer : 

Found multiple occurrences of org.json.JSONObject on the class path:

	jar:file:/C:/Users/xinshen.xiang/.m2/repository/org/json/json/20231013/json-20231013.jar!/org/json/JSONObject.class
	jar:file:/C:/Users/xinshen.xiang/.m2/repository/com/vaadin/external/google/android-json/0.0.20131108.vaadin1/android-json-0.0.20131108.vaadin1.jar!/org/json/JSONObject.class

You may wish to exclude one of them to ensure predictable runtime behavior

2026-06-19T17:56:48.918+02:00  INFO 23028 --- [           main] t.api.GeneratedFilesControllerTest       : Starting GeneratedFilesControllerTest using Java 21.0.6 with PID 23028 (started by xinshen.xiang in C:\Users\xinshen.xiang\Desktop\IMP\TFGBackend)
2026-06-19T17:56:48.919+02:00  INFO 23028 --- [           main] t.api.GeneratedFilesControllerTest       : No active profile set, falling back to 1 default profile: "default"
2026-06-19T17:56:50.662+02:00  INFO 23028 --- [           main] o.s.b.t.m.w.SpringBootMockServletContext : Initializing Spring TestDispatcherServlet ''
2026-06-19T17:56:50.662+02:00  INFO 23028 --- [           main] o.s.t.web.servlet.TestDispatcherServlet  : Initializing Servlet ''
2026-06-19T17:56:50.666+02:00  INFO 23028 --- [           main] o.s.t.web.servlet.TestDispatcherServlet  : Completed initialization in 3 ms
2026-06-19T17:56:50.688+02:00  INFO 23028 --- [           main] t.api.GeneratedFilesControllerTest       : Started GeneratedFilesControllerTest in 2.039 seconds (process running for 2.834)
]]></system-out>
    <system-err><![CDATA[WARNING: A Java agent has been loaded dynamically (C:\Users\xinshen.xiang\.m2\repository\net\bytebuddy\byte-buddy-agent\1.14.19\byte-buddy-agent-1.14.19.jar)
WARNING: If a serviceability tool is in use, please run with -XX:+EnableDynamicAgentLoading to hide this warning
WARNING: If a serviceability tool is not in use, please run with -Djdk.instrument.traceUsage for more information
WARNING: Dynamic loading of agents will be disallowed by default in a future release
]]></system-err>
  </testcase>
  <testcase name="generate_whenInputIsInvalid_returnsBadRequest" classname="tfgbackend.api.GeneratedFilesControllerTest" time="0.064"/>
  <testcase name="generate_whenBodyIsValid_returnsGeneratedFiles" classname="tfgbackend.api.GeneratedFilesControllerTest" time="0.029"/>
  <testcase name="archive_whenServiceSucceeds_returnsZipAttachment" classname="tfgbackend.api.GeneratedFilesControllerTest" time="0.007"/>
  <testcase name="fileContent_whenServiceSucceeds_returnsPlainText" classname="tfgbackend.api.GeneratedFilesControllerTest" time="0.018"/>
</testsuite>